[2025-09-18T06:39:40.286+0000] {taskinstance.py:1957} INFO - Dependencies all met for dep_context=non-requeueable deps ti=<TaskInstance: batch_ingestion_dag.load_to_postgres manual__2025-09-18T06:26:34.314177+00:00 [queued]>
[2025-09-18T06:39:40.294+0000] {taskinstance.py:1957} INFO - Dependencies all met for dep_context=requeueable deps ti=<TaskInstance: batch_ingestion_dag.load_to_postgres manual__2025-09-18T06:26:34.314177+00:00 [queued]>
[2025-09-18T06:39:40.294+0000] {taskinstance.py:2171} INFO - Starting attempt 4 of 5
[2025-09-18T06:39:40.304+0000] {taskinstance.py:2192} INFO - Executing <Task(PythonOperator): load_to_postgres> on 2025-09-18 06:26:34.314177+00:00
[2025-09-18T06:39:40.310+0000] {standard_task_runner.py:60} INFO - Started process 689 to run task
[2025-09-18T06:39:40.313+0000] {standard_task_runner.py:87} INFO - Running: ['***', 'tasks', 'run', 'batch_ingestion_dag', 'load_to_postgres', 'manual__2025-09-18T06:26:34.314177+00:00', '--job-id', '17', '--raw', '--subdir', 'DAGS_FOLDER/batch_ingestion_dag.py', '--cfg-path', '/tmp/tmpl_bqr43g']
[2025-09-18T06:39:40.316+0000] {standard_task_runner.py:88} INFO - Job 17: Subtask load_to_postgres
[2025-09-18T06:39:40.369+0000] {task_command.py:423} INFO - Running <TaskInstance: batch_ingestion_dag.load_to_postgres manual__2025-09-18T06:26:34.314177+00:00 [running]> on host 3aa26d851e1b
[2025-09-18T06:39:40.514+0000] {taskinstance.py:2481} INFO - Exporting env vars: AIRFLOW_CTX_DAG_OWNER='***' AIRFLOW_CTX_DAG_ID='batch_ingestion_dag' AIRFLOW_CTX_TASK_ID='load_to_postgres' AIRFLOW_CTX_EXECUTION_DATE='2025-09-18T06:26:34.314177+00:00' AIRFLOW_CTX_TRY_NUMBER='4' AIRFLOW_CTX_DAG_RUN_ID='manual__2025-09-18T06:26:34.314177+00:00'
[2025-09-18T06:39:40.516+0000] {batch_ingestion_dag.py:161} INFO - Starting load into Postgres from /tmp/transformed_orders.csv...
[2025-09-18T06:39:40.562+0000] {base.py:83} INFO - Using connection ID 'postgres_default' for task execution.
[2025-09-18T06:39:40.575+0000] {sql.py:432} INFO - Running statement: CREATE TABLE IF NOT EXISTS orders_transformed (             order_id INT,             customer_id INT,             amount DECIMAL(10,2),             processed_timestamp TIMESTAMP );, parameters: None
[2025-09-18T06:39:40.608+0000] {base.py:83} INFO - Using connection ID 'postgres_default' for task execution.
[2025-09-18T06:39:40.621+0000] {sql.py:432} INFO - Running statement: TRUNCATE TABLE orders_transformed;, parameters: None
[2025-09-18T06:39:40.660+0000] {base.py:83} INFO - Using connection ID 'postgres_default' for task execution.
[2025-09-18T06:39:40.675+0000] {sql.py:432} INFO - Running statement: 
            INSERT INTO orders_transformed(order_id, customer_id, amount, processed_timestamp)
            VALUES (%s, %s, %s, %s)
            , parameters: (1, 1, 100.5, '2023-01-01 10:00:00')
[2025-09-18T06:39:40.679+0000] {sql.py:441} INFO - Rows affected: 1
[2025-09-18T06:39:40.698+0000] {base.py:83} INFO - Using connection ID 'postgres_default' for task execution.
[2025-09-18T06:39:40.709+0000] {sql.py:432} INFO - Running statement: 
            INSERT INTO orders_transformed(order_id, customer_id, amount, processed_timestamp)
            VALUES (%s, %s, %s, %s)
            , parameters: (2, 2, 250.0, '2023-01-01 11:00:00')
[2025-09-18T06:39:40.711+0000] {sql.py:441} INFO - Rows affected: 1
[2025-09-18T06:39:40.714+0000] {batch_ingestion_dag.py:201} INFO - Finished loading 2 records into Postgres (orders_transformed).
[2025-09-18T06:39:40.715+0000] {python.py:201} INFO - Done. Returned value was: None
[2025-09-18T06:39:40.734+0000] {taskinstance.py:1138} INFO - Marking task as SUCCESS. dag_id=batch_ingestion_dag, task_id=load_to_postgres, execution_date=20250918T062634, start_date=20250918T063940, end_date=20250918T063940
[2025-09-18T06:39:40.815+0000] {local_task_job_runner.py:234} INFO - Task exited with return code 0
[2025-09-18T06:39:40.850+0000] {taskinstance.py:3281} INFO - 0 downstream tasks scheduled from follow-on schedule check
